<!DOCTYPE html>
<html>
<head>
<meta http-equiv="Content-Type" content="text/html; charset=utf-8"/>
<meta http-equiv="x-ua-compatible" content="IE=edge"/>
<title>Test results - Class com.thegoate.utils.cmd.CommandTest</title>
<link href="../css/base-style.css" rel="stylesheet" type="text/css"/>
<link href="../css/style.css" rel="stylesheet" type="text/css"/>
<script src="../js/report.js" type="text/javascript"></script>
</head>
<body>
<div id="content">
<h1>Class com.thegoate.utils.cmd.CommandTest</h1>
<div class="breadcrumbs">
<a href="../index.html">all</a> &gt; 
<a href="../packages/com.thegoate.utils.cmd.html">com.thegoate.utils.cmd</a> &gt; CommandTest</div>
<div id="summary">
<table>
<tr>
<td>
<div class="summaryGroup">
<table>
<tr>
<td>
<div class="infoBox" id="tests">
<div class="counter">3</div>
<p>tests</p>
</div>
</td>
<td>
<div class="infoBox" id="failures">
<div class="counter">0</div>
<p>failures</p>
</div>
</td>
<td>
<div class="infoBox" id="ignored">
<div class="counter">0</div>
<p>ignored</p>
</div>
</td>
<td>
<div class="infoBox" id="duration">
<div class="counter">0.080s</div>
<p>duration</p>
</div>
</td>
</tr>
</table>
</div>
</td>
<td>
<div class="infoBox success" id="successRate">
<div class="percent">100%</div>
<p>successful</p>
</div>
</td>
</tr>
</table>
</div>
<div id="tabs">
<ul class="tabLinks">
<li>
<a href="#tab0">Tests</a>
</li>
<li>
<a href="#tab1">Standard output</a>
</li>
</ul>
<div id="tab0" class="tab">
<h2>Tests</h2>
<table>
<thead>
<tr>
<th>Test</th>
<th>Duration</th>
<th>Result</th>
</tr>
</thead>
<tr>
<td class="success">com.thegoate.utils.cmd.CommandTest:badCommand:(0)</td>
<td class="success">0.009s</td>
<td class="success">passed</td>
</tr>
<tr>
<td class="success">com.thegoate.utils.cmd.CommandTest:echo:(0)</td>
<td class="success">0.070s</td>
<td class="success">passed</td>
</tr>
<tr>
<td class="success">com.thegoate.utils.cmd.CommandTest:noCommand:(0)</td>
<td class="success">0.001s</td>
<td class="success">passed</td>
</tr>
</table>
</div>
<div id="tab1" class="tab">
<h2>Standard output</h2>
<span class="code">
<pre>[INFO] 2021-02-18 21:45:39,226 com.thegoate.utils.cmd.CommandTest: Start Up:
***************************Starting Up***************************
*	com.thegoate.utils.cmd.CommandTest:badCommand:(0)	*

*****************************************************************
[ERROR] 2021-02-18 21:45:39,233 com.thegoate.utils.cmd.Command: command:problem running command: Cannot run program &quot;booger&quot;: CreateProcess error=2, The system cannot find the file specified
java.io.IOException: Cannot run program &quot;booger&quot;: CreateProcess error=2, The system cannot find the file specified
	at java.lang.ProcessBuilder.start(ProcessBuilder.java:1048)
	at com.thegoate.utils.cmd.Command.execute(Command.java:49)
	at com.thegoate.utils.cmd.CommandTest.badCommand(CommandTest.java:36)
	at sun.reflect.NativeMethodAccessorImpl.invoke0(Native Method)
	at sun.reflect.NativeMethodAccessorImpl.invoke(NativeMethodAccessorImpl.java:62)
	at sun.reflect.DelegatingMethodAccessorImpl.invoke(DelegatingMethodAccessorImpl.java:43)
	at java.lang.reflect.Method.invoke(Method.java:498)
	at org.testng.internal.MethodInvocationHelper.invokeMethod(MethodInvocationHelper.java:124)
	at org.testng.internal.Invoker.invokeMethod(Invoker.java:583)
	at org.testng.internal.Invoker.invokeTestMethod(Invoker.java:719)
	at org.testng.internal.Invoker.invokeTestMethods(Invoker.java:989)
	at org.testng.internal.TestMethodWorker.invokeTestMethods(TestMethodWorker.java:125)
	at org.testng.internal.TestMethodWorker.run(TestMethodWorker.java:109)
	at org.testng.TestRunner.privateRun(TestRunner.java:648)
	at org.testng.TestRunner.run(TestRunner.java:505)
	at org.testng.SuiteRunner.runTest(SuiteRunner.java:455)
	at org.testng.SuiteRunner.access$000(SuiteRunner.java:40)
	at org.testng.SuiteRunner$SuiteWorker.run(SuiteRunner.java:489)
	at org.testng.internal.thread.ThreadUtil$1.call(ThreadUtil.java:52)
	at java.util.concurrent.FutureTask.run(FutureTask.java:266)
	at java.util.concurrent.ThreadPoolExecutor.runWorker(ThreadPoolExecutor.java:1149)
	at java.util.concurrent.ThreadPoolExecutor$Worker.run(ThreadPoolExecutor.java:624)
	at java.lang.Thread.run(Thread.java:748)
Caused by: java.io.IOException: CreateProcess error=2, The system cannot find the file specified
	at java.lang.ProcessImpl.create(Native Method)
	at java.lang.ProcessImpl.&lt;init&gt;(ProcessImpl.java:444)
	at java.lang.ProcessImpl.start(ProcessImpl.java:140)
	at java.lang.ProcessBuilder.start(ProcessBuilder.java:1029)
	... 22 common frames omitted
[DEBUG] 2021-02-18 21:45:39,236 com.thegoate.expect.ExpectEvaluator: :starting executor to evaluate expectations.
[DEBUG] 2021-02-18 21:45:39,236 com.thegoate.expect.Expectation: Expectation:evaluating expectations.
[INFO] 2021-02-18 21:45:39,240 com.thegoate.expect.validate.ValidateGoate: Expect:evaluating:actual(Cannot run program &quot;booger&quot;: CreateProcess error=2, The system cannot find the file specified) == Cannot run program &quot;booger&quot;: CreateProcess error=2, The system cannot find the file specified

[DEBUG] 2021-02-18 21:45:39,243 com.thegoate.utils.compare.Compare: Compare:Found comparator: class com.thegoate.utils.compare.tools.CompareObjectEqualTo
[DEBUG] 2021-02-18 21:45:39,244 com.thegoate.reflection.Executioner: :shutting down executor
[DEBUG] 2021-02-18 21:45:39,244 com.thegoate.reflection.Executioner: :shutdown finished
[DEBUG] 2021-02-18 21:45:39,244 com.thegoate.reflection.Executioner: :shutting down executor
[DEBUG] 2021-02-18 21:45:39,245 com.thegoate.reflection.Executioner: :shutdown finished
[DEBUG] 2021-02-18 21:45:39,245 com.thegoate.expect.ExpectEvaluator: Expectations:Evaluation finished successfully
[INFO] 2021-02-18 21:45:39,249 com.thegoate.utils.cmd.CommandTest: Status:
passed:
--------------------
	actual:actual
	actual_value:Cannot run program &quot;booger&quot;: CreateProcess error=2, The system cannot find the file specified
	expected:Cannot run program &quot;booger&quot;: CreateProcess error=2, The system cannot find the file specified
	expected_value:Cannot run program &quot;booger&quot;: CreateProcess error=2, The system cannot find the file specified
	from:actual:Cannot run program &quot;booger&quot;: CreateProcess error=2, The system cannot find the file specified
	operator:==
--------------------

[INFO] 2021-02-18 21:45:39,251 com.thegoate.utils.cmd.CommandTest: Shut Down:
*****************************************************************
*	com.thegoate.utils.cmd.CommandTest:badCommand:(0)	*

***************************Finished Up***************************
[INFO] 2021-02-18 21:45:39,252 com.thegoate.utils.cmd.CommandTest: Start Up:
***************************Starting Up***************************
*	com.thegoate.utils.cmd.CommandTest:echo:(0)	*

*****************************************************************
hello world!!!
[DEBUG] 2021-02-18 21:45:39,316 com.thegoate.utils.togoate.ToGoate: :no specific utility found, and no default implementation detected either: com.thegoate.utils.togoate.ToGoateUtil:null:null
[DEBUG] 2021-02-18 21:45:39,317 com.thegoate.utils.togoate.ToGoate: :Failed to convert: output
[DEBUG] 2021-02-18 21:45:39,323 com.thegoate.expect.ExpectEvaluator: :starting executor to evaluate expectations.
[DEBUG] 2021-02-18 21:45:39,323 com.thegoate.expect.Expectation: Expectation:evaluating expectations.
[INFO] 2021-02-18 21:45:39,327 com.thegoate.expect.validate.ValidateGoate: Expect:evaluating:output(hello world!!!
) == hello world!!!


[DEBUG] 2021-02-18 21:45:39,331 com.thegoate.utils.compare.Compare: Compare:Found comparator: class com.thegoate.utils.compare.tools.CompareObjectEqualTo
[DEBUG] 2021-02-18 21:45:39,333 com.thegoate.reflection.Executioner: :shutting down executor
[DEBUG] 2021-02-18 21:45:39,334 com.thegoate.reflection.Executioner: :shutdown finished
[DEBUG] 2021-02-18 21:45:39,334 com.thegoate.reflection.Executioner: :shutting down executor
[DEBUG] 2021-02-18 21:45:39,334 com.thegoate.reflection.Executioner: :shutdown finished
[DEBUG] 2021-02-18 21:45:39,334 com.thegoate.expect.ExpectEvaluator: Expectations:Evaluation finished successfully
[INFO] 2021-02-18 21:45:39,336 com.thegoate.utils.cmd.CommandTest: Status:
passed:
--------------------
	actual:output
	actual_value:hello world!!!

	expected:hello world!!!

	expected_value:hello world!!!

	from:exit code:0
output:hello world!!!

	operator:==
--------------------

[INFO] 2021-02-18 21:45:39,337 com.thegoate.utils.cmd.CommandTest: Shut Down:
*****************************************************************
*	com.thegoate.utils.cmd.CommandTest:echo:(0)	*

***************************Finished Up***************************
[INFO] 2021-02-18 21:45:39,338 com.thegoate.utils.cmd.CommandTest: Start Up:
***************************Starting Up***************************
*	com.thegoate.utils.cmd.CommandTest:noCommand:(0)	*

*****************************************************************
[DEBUG] 2021-02-18 21:45:39,339 com.thegoate.expect.ExpectEvaluator: :starting executor to evaluate expectations.
[DEBUG] 2021-02-18 21:45:39,340 com.thegoate.expect.Expectation: Expectation:evaluating expectations.
[INFO] 2021-02-18 21:45:39,344 com.thegoate.expect.validate.ValidateGoate: Expect:evaluating:actual(no command defined) == no command defined

[DEBUG] 2021-02-18 21:45:39,347 com.thegoate.utils.compare.Compare: Compare:Found comparator: class com.thegoate.utils.compare.tools.CompareObjectEqualTo
[DEBUG] 2021-02-18 21:45:39,347 com.thegoate.reflection.Executioner: :shutting down executor
[DEBUG] 2021-02-18 21:45:39,348 com.thegoate.reflection.Executioner: :shutdown finished
[DEBUG] 2021-02-18 21:45:39,349 com.thegoate.reflection.Executioner: :shutting down executor
[DEBUG] 2021-02-18 21:45:39,349 com.thegoate.reflection.Executioner: :shutdown finished
[DEBUG] 2021-02-18 21:45:39,350 com.thegoate.expect.ExpectEvaluator: Expectations:Evaluation finished successfully
[INFO] 2021-02-18 21:45:39,354 com.thegoate.utils.cmd.CommandTest: Status:
passed:
--------------------
	actual:actual
	actual_value:no command defined
	expected:no command defined
	expected_value:no command defined
	from:actual:no command defined
	operator:==
--------------------

[INFO] 2021-02-18 21:45:39,354 com.thegoate.utils.cmd.CommandTest: Shut Down:
*****************************************************************
*	com.thegoate.utils.cmd.CommandTest:noCommand:(0)	*

***************************Finished Up***************************
</pre>
</span>
</div>
</div>
<div id="footer">
<p>
<div>
<label class="hidden" id="label-for-line-wrapping-toggle" for="line-wrapping-toggle">Wrap lines
<input id="line-wrapping-toggle" type="checkbox" autocomplete="off"/>
</label>
</div>Generated by 
<a href="http://www.gradle.org">Gradle 6.0.1</a> at Feb 18, 2021 9:47:41 PM</p>
</div>
</div>
</body>
</html>
